[    0.000000] Linux version 4.15.0-96-generic (buildd@lgw01-amd64-004) (gcc version 7.5.0 (Ubuntu 7.5.0-3ubuntu1~18.04)) #97-Ubuntu SMP Wed Apr 1 03:25:46 UTC 2020 (Ubuntu 4.15.0-96.97-generic 4.15.18)
[    0.000000] Command line: BOOT_IMAGE=/boot/vmlinuz-4.15.0-96-generic root=LABEL=cloudimg-rootfs ro console=tty1 console=ttyS0
[    .000000] KERNEL supported cpus:
[    0.000000]   Intel GenuineIntel
[    0.000000]   AMD AuthenticAMD
[    0.000000]   Centaur CentaurHauls
[    0.000000] random: get_random_u32 called from bsp_init_amd+0x207/0x2c0 with crng_init=0
[    0.000000] x86/fpu: Supporting XSAVE feature 0x001: 'x87 floating point registers'
[    0.000000] x86/fpu: Supporting XSAVE feature 0x002: 'SSE registers'
[    0.000000] x86/fpu: Supporting XSAVE feature 0x004: 'AVX registers'
[    0.000000] x86/fpu: xstate_offset[2]:  576, xstate_sizes[2]:  256
[    0.000000] x86/fpu: Enabled xstate features 0x7, context size is 832 bytes, using 'standard' format.
[    0.000000] e820: BIOS-provided physical RAM map:
[    0.00000] BOS-e820: [mem 0x0000000000000000-0x000000000009fbff] usable
[    0.000000] BIOS-e820: [mem 0x000000000009fc00-0x000000000009ffff] reserved
[    0.000000] BIOS-e820: [mem 0x00000000000f0000-0x00000000000fffff] reserved
[    0.000000] BIOS-e820: [mem 0x0000000000100000-0x000000003ffeffff] usabl
[   0.000000] BIOS-e820: [mem 0x000000003fff0000-0x000000003fffffff] ACPI data
[    0.000000] BOS-e820: [mem 0x00000000fec00000-0x00000000fec00fff] reserved
[    0.000000] BIOS-e820: [mem 0x00000000fee00000-0x00000000fee00fff] reserved
[    0.000000] BIOS-e820: [mem 0x00000000fffc0000-0x00000000ffffffff] reserved
[    0.000000] NX (Execute Disable) protection: active
    0.000000] SMBIOS 2.5 present.
[    0.000000] DMI: innotek GmbH VirtualBox/VirtualBox, BIOS VirtualBox 12/01/2006
[    0.000000] Hypervisor detected: KVM
[    0.000000] AGP: No AGP bridge found
[    0.000000] e820: last_pfn = 0x3fff0 max_arch_pfn = 0x400000000
[    0.000000] MTRR: Disabled
[    0.000000] x86/PAT: MTRRs disabled, skipping PAT initialization too.
[    0.000000] CPU MTRRs all blank - virtualized system.
[    0.000000] x86/PAT: Configuration [0-7]: WB  WT  UC- UC  WB  WT  UC- UC  
[   0.000000] found SMP MP-table at [mem 0x0009fff0-0x0009ffff]
[    0.000000] Scanning 1 areas for low memory corruption
[    0.000000] RAMDISK: [mem 0x35a6f000-0x36d2efff]
[    0.000000] ACPI: Early table checksum verification disabled
[    0.000000] ACPI: RSDP 0x00000000000E0000 000024 (v02 VBOX  )
[    0.000000] ACPI: XSDT 0x000000003FFF0030 00003C (v01 VBOX  VBOXXSDT 00000001 ASL  00000061)
[    0.000000] ACPI: FACP 0x000000003FFF00F0 0000F4 (v04 VBOX   VBOXFACP 00000001 ASL  00000061)
[    0.000000] ACPI: DSDT 0x000000003FFF0470 0021FF (v02 VBOX   VBOXBIOS 00000002 INTL 20180105)
[    0.000000] ACPI: FACS 0x000000003FFF0200 000040
[    0.00000] ACPI: FACS 0x00000003FFF0200 000040
[   0.000000] ACPI: APIC 0x000000003FFF0240 00005C (v02 VBOX   VBOXAPIC 00000001 ASL  00000061)
[    0.000000] ACPI: SSDT 0x000000003FFF02A0 0001CC (v01 VBOX   VBOXCPUT 00000002 INTL 20180105)
[    0.000000] No NUMA configuration found
[    0.000000] Faking a node at [mem 0x0000000000000000-0x000000003ffeffff]
[    0.000000] NODE_DATA(0) allocated [mem 0x3ffc5000-0x3ffeffff]
[    0.000000] kvm-clock: cpu 0, msr 0:3ff44001, primary cpu clock
[    0.000000] kvm-clock: Using msrs 4b564d01 and 4b564d00
[    0.000000] kvm-clock: using sched offset of 4266977607 cycles
[    0.000000] clocksource: kvm-clock: mask: 0xffffffffffffffff max_cycles: 0x1cd42e4dffb, max_idle_ns: 881590591483 ns
[    0.000000] Zone ranges:
[    0.000000]   DMA      [mem 0x0000000000001000-0x0000000000ffffff]
[    0.000000]   DMA32    [mem 0x0000000001000000-0x000000003ffeffff]
[    0.000000]   Normal   empty
[    0.000000]   Device   empty
[    0.000000] Movable zone start for each node
[    0.000000] Early memory node ranges
[    0.000000]   node   0: [mem 0x0000000000001000-0x000000000009efff]
[    0.000000]   node   0: [mem 0x0000000000100000-0x000000003ffeffff]
[    0.000000] Reserved but unavailable: 98 pages
[    0.000000] Initmem setup node 0 [mem 0x0000000000001000-0x000000003ffeffff]
[    0.000000] ACPI: PM-Timer IO Port: 0x4008
[    0.000000] IOAPIC[0]: apic_id 2, version 32, address 0xfec00000, GSI 0-23
[    0.000000] ACPI: INT_SRC_OVR (bus 0 bus_irq 0 global_irq 2 dfl dfl)
[    0.000000] ACPI: INT_SRC_OVR (bus 0 bus_irq 9 global_irq 9 low level)
[    0.000000] Using ACPI (MADT) for SMP configuration information
[    0.000000] smpboot: Allowing 2 CPUs, 0 hotplug CPUs
[    0.000000] PM: Registered nosave memory: [mem 0x00000000-0x00000fff]
[    0.000000] PM: Registered nosave memory: [mem 0x0009f000-0x0009ffff]
[    0.000000] PM: Registered nosave memory: [mem 0x000a0000-0x000effff]
[    0.000000] PM: Registered nosave memory: [mem 0x000f0000-0x000fffff]
[    0.000000] e820: [mem 0x40000000-0xfebfffff] available for PCI devices
[    0.000000] Booting paravirtualized kernel on KVM
[    0.000000] clocksource: refined-jiffies: mask: 0xffffffff max_cycles: 0xffffffff, max_idle_ns: 7645519600211568 ns
[    0.000000] setup_percpu: NR_CPUS:8192 nr_cpumask_bits:2 nr_cpu_ids:2 nr_node_ids:1
[    0.000000] percpu: Embedded 45 pages/cpu s147456 r8192 d28672 u1048576
[    0.000000] PV qspinlock hash table entries: 256 (order: 0, 4096 bytes)
[    0.000000] Built 1 zonelists, mobility grouping on.  Total pages: 257913
[    0.000000] Policy zone: DMA32
[    0.000000] Kernel command line: BOOT_IMAGE=/boot/vmlinuz-4.15.0-96-generic root=LABEL=cloudimg-rootfs ro console=tty1 console=ttyS0
[    0.000000] AGP: Checking aperture...
[    0.000000] AGP: No AGP bridge found
[    0.000000] Memory: 983068K/1048120K available (12300K kernel code, 2481K rwdata, 4264K rodata, 2432K init, 2712K bss, 65052K reserved, 0K cma-reserved)
[    0.000000] SLUB: HWalign=64, Order=0-3, MinObjects=0, CPUs=2, Nodes=1
[    0.000000] ftrace: allocating 39351 entries in 154 pages
[    0.004000] Hierarchical RCU implementation.
[    0.004000] 	RCU restricting CPUs from NR_CPUS=8192 to nr_cpu_ids=2.
[    0.004000] 	Tasks RCU enabled.
[    0.004000] RCU: Adjusting geometry for rcu_fanout_leaf=16, nr_cpu_ids=2
[    0.004000] NR_IRQS: 524544, nr_irqs: 440, preallocated irqs: 16
[    0.004000] Console: colour VGA+ 80x25
[    0.004000] console [tty1] enabled
[    0.004000] console [ttyS0] enabled
[    0.004000] ACPI: Core revision 20170831
[    0.004000] ACPI: 2 ACPI AML tables successfully acquired and loaded
[    0.004000] APIC: Switch to symmetric I/O mode setup
[    0.004000] x2apic enabled
[    0.004000] Switched APIC routing to physical x2apic.
[    0.004000] ..TIMER: vector=0x30 apic1=0 pin1=2 apic2=-1 pin2=-1
[    0.004000] tsc: Detected 3099.918 MHz processor
[    0.004000] tsc: Marking TSC unstable due to TSCs unsynchronized
[    0.004000] Calibrating delay loop (skipped) preset value.. 6199.83 BogoMIPS (lpj=12399672)
[    0.004006] pid_max: default: 32768 minimum: 301
[    0.004930] Security Framework initialized
[    0.005675] Yama: becoming mindful.
[    0.006348] AppArmor: AppArmor initialized
[    0.008087] Dentry cache hash table entries: 131072 (order: 8, 1048576 bytes)
[    0.009511] Inode-cache hash table entries: 65536 (order: 7, 524288 bytes)
[    0.010696] Mount-cache hash table entries: 2048 (order: 2, 16384 bytes)
[    0.012030] Mountpoint-cache hash table entries: 2048 (order: 2, 16384 bytes)
[    0.016618] Last level iTLB entries: 4KB 512, 2MB 1024, 4MB 512
[    0.018951] Last level dTLB entries: 4KB 1024, 2MB 1024, 4MB 512, 1GB 0
[    0.020008] Spectre V1 : Mitigation: usercopy/swapgs barriers and __user pointer sanitization
[    0.024003] Spectre V2 : Spectre mitigation: LFENCE not serializing, switching to generic retpoline
[    0.025601] Spectre V2 : Mitigation: Full generic retpoline
[    0.026572] Spectre V2 : Spectre v2 / SpectreRSB mitigation: Filling RSB on context switch
[    0.028003] Speculative Store Bypass: Mitigation: Speculative Store Bypass disabled via prctl and seccomp
[    0.030366] Freeing SMP alternatives memory: 36K
[    0.144225] smpboot: CPU0: AMD Opteron(tm) Processor 4334 (family: 0x15, model: 0x2, stepping: 0x0)
[    0.145868] Performance Events: PMU not available due to virtualization, using software events only.
[    0.147492] Hierarchical SRCU implementation.
[    0.148749] NMI watchdog: Perf event create on CPU 0 failed with -2
[    0.149891] NMI watchdog: Perf NMI watchdog permanently disabled
[    0.151052] smp: Bringing up secondary CPUs ...
[    0.151984] x86: Booting SMP configuration:
[    0.152002] .... node  #0, CPUs:      #1
[    0.004000] kvm-clock: cpu 1, msr 0:3ff44041, secondary cpu clock
[    0.181411] smp: Brought up 1 node, 2 CPUs
[    0.181411] smpboot: Max logical packages: 1
[    0.184008] smpboot: Total of 2 processors activated (12399.67 BogoMIPS)
[    0.186117] devtmpfs: initialized
[    0.188098] x86/mm: Memory block size: 128MB
[    0.189439] evm: security.selinux
[    0.190151] evm: security.SMACK64
[    0.190814] evm: security.SMACK64EXEC
[    0.191529] evm: security.SMACK64TRANSMUTE
[    0.192011] evm: security.SMACK64MMAP
[    0.192796] evm: security.apparmor
[    0.193497] evm: security.ima
[    0.194098] evm: security.capability
[    0.196102] clocksource: jiffies: mask: 0xffffffff max_cycles: 0xffffffff, max_idle_ns: 7645041785100000 ns
[    0.197716] futex hash table entries: 512 (order: 3, 32768 bytes)
[    0.199609] pinctrl core: initialized pinctrl subsystem
[    0.200149] RTC time:  0:46:50, date: 04/27/20
[    0.201258] NET: Registered protocol family 16
[    0.202211] audit: initializing netlink subsys (disabled)
[    0.204072] audit: type=2000 audit(1587948415.425:1): state=initialized audit_enabled=0 res=1
[    0.208023] cpuidle: using governor ladder
[    0.208814] cpuidle: using governor menu
[    0.336067] ACPI: bus type PCI registered
[    0.448005] acpiphp: ACPI Hot Plug PCI Controller Driver version: 0.5
[    0.449343] PCI: Using configuration type 1 for base access
[    0.450403] PCI: Using configuration type 1 for extended access
[    0.456099] HugeTLB registered 2.00 MiB page size, pre-allocated 0 pages
[    0.456159] ACPI: Added _OSI(Module Device)
[    0.456985] ACPI: Added _OSI(Processor Device)
[    0.460008] ACPI: Added _OSI(3.0 _SCP Extensions)
[    0.460008] ACPI: Added _OSI(Processor Aggregator Device)
[    0.461009] ACPI: Added _OSI(Linux-Dell-Video)
[    0.464035] ACPI: Added _OSI(Linux-Lenovo-NV-HDMI-Audio)
[    0.464035] ACPI: Added _OSI(Linux-HPI-Hybrid-Graphics)
[    0.465282] ACPI: Executed 1 blocks of module-level executable AML code
[    0.472384] ACPI: Interpreter enabled
[    0.473131] ACPI: (supports S0 S5)
[    0.473790] ACPI: Using IOAPIC for interrupt routing
[    0.475078] PCI: Using host bridge windows from ACPI; if necessary, use "pci=nocrs" and report a bug
[    0.476180] ACPI: Enabled 2 GPEs in block 00 to 07
[    0.488689] ACPI: PCI Root Bridge [PCI0] (domain 0000 [bus 00-ff])
[    0.489823] acpi PNP0A03:00: _OSC: OS supports [ExtendedConfig ASPM ClockPM Segments MSI]
[    0.492066] acpi PNP0A03:00: _OSC: OS now controls [PCIeHotplug PME AER PCIeCapability]
[    0.494077] PCI host bridge to bus 0000:00
[    0.496004] pci_bus 0000:00: root bus resource [io  0x0000-0x0cf7 window]
[    0.497411] pci_bus 0000:00: root bus resource [io  0x0d00-0xffff window]
[    0.500004] pci_bus 0000:00: root bus resource [mem 0x000a0000-0x000bffff window]
[    0.501434] pci_bus 0000:00: root bus resource [mem 0x40000000-0xfdffffff window]
[    0.504003] pci_bus 0000:00: root bus resource [bus 00-ff]
[    0.509445] pci 0000:00:01.1: legacy IDE quirk: reg 0x10: [io  0x01f0-0x01f7]
[    0.510738] pci 0000:00:01.1: legacy IDE quirk: reg 0x14: [io  0x03f6]
[    0.512004] pci 0000:00:01.1: legacy IDE quirk: reg 0x18: [io  0x0170-0x0177]
[    0.513291] pci 0000:00:01.1: legacy IDE quirk: reg 0x1c: [io  0x0376]
[    0.553915] pci 0000:00:07.0: quirk: [io  0x4000-0x403f] claimed by PIIX4 ACPI
[    0.592029] pci 0000:00:07.0: quirk: [io  0x4100-0x410f] claimed by PIIX4 SMB
[    0.793588] ACPI: PCI Interrupt Link [LNKA] (IRQs 5 9 10 *11)
[    0.796580] ACPI: PCI Interrupt Link [LNKB] (IRQs 5 9 *10 11)
[    0.800186] ACPI: PCI Interrupt Link [LNKC] (IRQs 5 *9 10 11)
[    0.804158] ACPI: PCI Interrupt Link [LNKD] (IRQs 5 9 10 *11)
[    0.808007] SCSI subsystem initialized
[    0.808182] pci 0000:00:02.0: vgaarb: setting as boot VGA device
[    0.812006] pci 0000:00:02.0: vgaarb: VGA device added: decodes=io+mem,owns=io+mem,locks=none
[    0.812006] pci 0000:00:02.0: vgaarb: bridge control possible
[    0.813108] vgaarb: loaded
[    0.816028] ACPI: bus type USB registered
[    0.816852] usbcore: registered new interface driver usbfs
[    0.817939] usbcore: registered new interface driver hub
[    0.820024] usbcore: registered new device driver usb
[    0.824005] EDAC MC: Ver: 3.0.0
[    0.824241] PCI: Using ACPI for IRQ routing
[    0.832288] NetLabel: Initializing
[    0.833029] NetLabel:  domain hash size = 128
[    0.833918] NetLabel:  protocols = UNLABELED CIPSOv4 CALIPSO
[    0.836021] NetLabel:  unlabeled traffic allowed by default
[    0.840122] clocksource: Switched to clocksource kvm-clock
[    0.859638] VFS: Disk quotas dquot_6.6.0
[    0.860568] VFS: Dquot-cache hash table entries: 512 (order 0, 4096 bytes)
[    0.861913] AppArmor: AppArmor Filesystem Enabled
[    0.862850] pnp: PnP ACPI init
[    0.864783] pnp: PnP ACPI: found 3 devices
[    0.880241] clocksource: acpi_pm: mask: 0xffffff max_cycles: 0xffffff, max_idle_ns: 2085701024 ns
[    0.882922] NET: Registered protocol family 2
[    0.884184] TCP established hash table entries: 8192 (order: 4, 65536 bytes)
[    0.885611] TCP bind hash table entries: 8192 (order: 5, 131072 bytes)
[    0.898633] TCP: Hash tables configured (established 8192 bind 8192)
[    0.899988] UDP hash table entries: 512 (order: 2, 16384 bytes)
[    0.901157] UDP-Lite hash table entries: 512 (order: 2, 16384 bytes)
[    0.902452] NET: Registered protocol family 1
[    0.903370] pci 0000:00:00.0: Limiting direct PCI/PCI transfers
[    0.904537] pci 0000:00:01.0: Activating ISA DMA hang workarounds
[    0.905739] pci 0000:00:02.0: Video device with shadowed ROM at [mem 0x000c0000-0x000dffff]
[    0.907480] Unpacking initramfs...
[    1.267105] Freeing initrd memory: 19200K
[    1.349187] clocksource: tsc: mask: 0xffffffffffffffff max_cycles: 0x2caefa57ee7, max_idle_ns: 440795248294 ns
[    1.388479] platform rtc_cmos: registered platform RTC device (no PNP device found)
[    1.417939] Scanning for low memory corruption every 60 seconds
[    1.426893] Initialise system trusted keyrings
[    1.433268] Key type blacklist registered
[    1.434408] workingset: timestamp_bits=36 max_order=18 bucket_order=0
[    1.437815] zbud: loaded
[    1.439917] squashfs: version 4.0 (2009/01/31) Phillip Lougher
[    1.442739] fuse init (API version 7.26)
[    1.463422] Key type asymmetric registered
[    1.464358] Asymmetric key parser 'x509' registered
[    1.465385] Block layer SCSI generic (bsg) driver version 0.4 loaded (major 246)
[    1.466931] io scheduler noop registered
[    1.467915] io scheduler deadline registered
[    1.474391] io scheduler cfq registered (default)
[    1.475977] ACPI: AC Adapter [AC] (on-line)
[    1.476943] input: Power Button as /devices/LNXSYSTM:00/LNXPWRBN:00/input/input0
[    1.478505] ACPI: Power Button [PWRF]
[    1.479412] input: Sleep Button as /devices/LNXSYSTM:00/LNXSLPBN:00/input/input1
[    1.480950] ACPI: Sleep Button [SLPF]
[    1.482211] Serial: 8250/16550 driver, 32 ports, IRQ sharing enabled
[    1.545973] 00:02: ttyS0 at I/O 0x3f8 (irq = 4, base_baud = 115200) is a 16550A
[    1.551795] Linux agpgart interface v0.103
[    1.555609] loop: module loaded
[    1.557468] scsi host0: ata_piix
[    1.558548] scsi host1: ata_piix
[    1.559461] ata1: PATA max UDMA/33 cmd 0x1f0 ctl 0x3f6 bmdma 0xd000 irq 14
[    1.561111] ata2: PATA max UDMA/33 cmd 0x170 ctl 0x376 bmdma 0xd008 irq 15
[    1.563084] libphy: Fixed MDIO Bus: probed
[    1.564180] tun: Universal TUN/TAP device driver, 1.6
[    1.565636] PPP generic driver version 2.4.2
[    1.566822] ehci_hcd: USB 2.0 'Enhanced' Host Controller (EHCI) Driver
[    1.568425] ehci-pci: EHCI PCI platform driver
[    1.569580] ehci-platform: EHCI generic platform driver
[    1.570822] ohci_hcd: USB 1.1 'Open' Host Controller (OHCI) Driver
[    1.572149] ohci-pci: OHCI PCI platform driver
[    1.573060] ohci-platform: OHCI generic platform driver
[    1.574073] uhci_hcd: USB Universal Host Controller Interface driver
[    1.575370] i8042: PNP: PS/2 Controller [PNP0303:PS2K,PNP0f03:PS2M] at 0x60,0x64 irq 1,12
[    1.577648] serio: i8042 KBD port at 0x60,0x64 irq 1
[    1.578670] serio: i8042 AUX port at 0x60,0x64 irq 12
[    1.582833] mousedev: PS/2 mouse device common for all mice
[    1.591756] input: AT Translated Set 2 keyboard as /devices/platform/i8042/serio0/input/input2
[    1.594787] rtc_cmos rtc_cmos: rtc core: registered rtc_cmos as rtc0
[    1.601454] rtc_cmos rtc_cmos: alarms up to one day, 114 bytes nvram
[    1.602735] i2c /dev entries driver
[    1.603552] device-mapper: uevent: version 1.0.3
[    1.609277] device-mapper: ioctl: 4.37.0-ioctl (2017-09-20) initialised: dm-devel@redhat.com
[    1.610949] ledtrig-cpu: registered to indicate activity on CPUs
[    1.612574] x86/pm: family 0x15 cpu detected, MSR saving is needed during suspending.
[    1.614321] NET: Registered protocol family 10
[    1.620331] Segment Routing with IPv6
[    1.621802] NET: Registered protocol family 17
[    1.633657] Key type dns_resolver registered
[    1.634857] mce: Using 0 MCE banks
[    1.636102] RAS: Correctable Errors collector initialized.
[    1.643174] sched_clock: Marking stable (1643115654, 0)->(2679180825, -1036065171)
[    1.657801] registered taskstats version 1
[    1.671553] Loading compiled-in X.509 certificates
[    1.679796] Loaded X.509 cert 'Build time autogenerated kernel key: 244b473b43e18b01f00e37a87f2ecd28620f0244'
[    1.694308] zswap: loaded using pool lzo/zbud
[    1.701112] Key type big_key registered
[    1.702055] Key type trusted registered
[    1.706214] Key type encrypted registered
[    1.717220] AppArmor: AppArmor sha1 policy hashing enabled
[    1.718792] ima: No TPM chip found, activating TPM-bypass! (rc=-19)
[    1.726033] ima: Allocated hash algorithm: sha1
[    1.727184] evm: HMAC attrs: 0x1
[    1.734180]   Magic number: 0:250:760
[    1.735155] rtc_cmos rtc_cmos: setting system clock to 2020-04-27 00:46:52 UTC (1587948412)
[    1.737023] BIOS EDD facility v0.16 2004-Jun-25, 0 devices found
[    1.779359] EDD information not available.
[    1.791120] Freeing unused kernel image memory: 2432K
[    1.826410] Write protecting the kernel read-only data: 20480k
[    1.829493] Freeing unused kernel image memory: 2008K
[    1.836737] Freeing unused kernel image memory: 1880K
[    1.849691] x86/mm: Checked W+X mappings: passed, no W+X pages found.
Loading, please wait...
starting version 237
[    2.790490] Fusion MPT base driver 3.04.20
[    2.791415] Copyright (c) 1999-2008 LSI Corporation
[    2.792812] e1000: Intel(R) PRO/1000 Network Driver - version 7.3.21-k8-NAPI
[    2.802033] e1000: Copyright (c) 1999-2006 Intel Corporation.
[    2.830544] Fusion MPT SPI Host driver 3.04.20
[    2.853140] AVX version of gcm_enc/dec engaged.
[    2.854331] AES CTR mode by8 optimization enabled
[    3.035598] input: ImExPS/2 Generic Explorer Mouse as /devices/platform/i8042/serio1/input/input4
[    3.203293] e1000 0000:00:03.0 eth0: (PCI:33MHz:32-bit) 02:cf:14:98:e9:22
[    3.953310] e1000 0000:00:03.0 eth0: Intel(R) PRO/1000 Network Connection
[    4.560712] e1000 0000:00:08.0 eth1: (PCI:33MHz:32-bit) 08:00:27:a7:e6:38
[    4.567274] e1000 0000:00:08.0 eth1: Intel(R) PRO/1000 Network Connection
[    4.570205] e1000 0000:00:08.0 enp0s8: renamed from eth1
[    4.576364] mptbase: ioc0: Initiating bringup
[    4.588647] e1000 0000:00:03.0 enp0s3: renamed from eth0
[    4.688425] ioc0: LSI53C1030 A0: Capabilities={Initiator}
[    6.560530] scsi host2: ioc0: LSI53C1030 A0, FwRev=00000000h, Ports=1, MaxQ=256, IRQ=20
[    6.737057] scsi 2:0:0:0: Direct-Access     VBOX     HARDDISK         1.0  PQ: 0 ANSI: 5
[    6.768183] scsi target2:0:0: Beginning Domain Validation
[    7.014536] scsi target2:0:0: Domain Validation skipping write tests
[    7.017474] scsi target2:0:0: Ending Domain Validation
[    7.019872] scsi target2:0:0: asynchronous
[    7.022299] scsi 2:0:1:0: Direct-Access     VBOX     HARDDISK         1.0  PQ: 0 ANSI: 5
[    7.716995] scsi target2:0:1: Beginning Domain Validation
[    7.728537] random: fast init done
[    8.182545] scsi target2:0:1: Domain Validation skipping write tests
[    8.183791] scsi target2:0:1: Ending Domain Validation
[    8.216879] scsi target2:0:1: asynchronous
[    8.223663] random: systemd-udevd: uninitialized urandom read (16 bytes read)
[    8.223825] sd 2:0:0:0: Attached scsi generic sg0 type 0
[    8.237525] sd 2:0:0:0: [sda] 20971520 512-byte logical blocks: (10.7 GB/10.0 GiB)
[    8.274394] sd 2:0:1:0: Attached scsi generic sg1 type 0
[    8.275905] random: systemd-udevd: uninitialized urandom read (16 bytes read)
[    8.278332] random: systemd-udevd: uninitialized urandom read (16 bytes read)
[    8.280017] sd 2:0:1:0: [sdb] 20480 512-byte logical blocks: (10.5 MB/10.0 MiB)
[    8.280516] sd 2:0:0:0: [sda] Write Protect is off
[    8.305583] sd 2:0:1:0: [sdb] Write Protect is off
[    8.305679] sd 2:0:0:0: [sda] Incomplete mode parameter data
[    8.307643] sd 2:0:0:0: [sda] Assuming drive cache: write through
[    8.309012] sd 2:0:1:0: [sdb] Incomplete mode parameter data
[    8.325913] sd 2:0:1:0: [sdb] Assuming drive cache: write through
[    8.326690]  sda: sda1
[    8.640515] sd 2:0:0:0: [sda] Attached SCSI disk
[    8.662537] sd 2:0:1:0: [sdb] Attached SCSI disk
Begin: Loading essential drivers ... [   10.500104] raid6: sse2x1   gen()  2935 MB/s
[   10.564091] raid6: sse2x1   xor()  2891 MB/s
[   10.672099] raid6: sse2x2   gen()  6612 MB/s
[   10.724085] raid6: sse2x2   xor()  4370 MB/s
[   10.772125] raid6: sse2x4   gen()  6940 MB/s
[   10.820138] raid6: sse2x4   xor()  3912 MB/s
[   10.834361] raid6: using algorithm sse2x4 gen() 6940 MB/s
[   10.835451] raid6: .... xor() 3912 MB/s, rmw enabled
[   10.836468] raid6: using ssse3x2 recovery algorithm
[   10.839232] xor: automatically using best checksumming function   avx       
[   10.871966] async_tx: api initialized (async)
done.
Begin: Running /scripts/init-premount ... done.
Begin: Mounting root file system ... Begin: Running /scripts/local-top ... done.
Begin: Running /scripts/local-pr[   10.988216] Btrfs loaded, crc32c=crc32c-intel
emount ... Scanning for Btrfs filesystems
done.
Warning: fsck not present, so skipping root file system
[   11.102451] EXT4-fs (sda1): mounted filesystem with ordered data mode. Opts: (null)
done.
Begin: Running /scripts/local-bottom ... done.
Begin: Running /scripts/init-bottom ... done.
[   12.195787] ip_tables: (C) 2000-2006 Netfilter Core Team
[   12.258312] systemd[1]: systemd 237 running in system mode. (+PAM +AUDIT +SELINUX +IMA +APPARMOR +SMACK +SYSVINIT +UTMP +LIBCRYPTSETUP +GCRYPT +GNUTLS +ACL +XZ +LZ4 +SECCOMP +BLKID +ELFUTILS +KMOD -IDN2 +IDN -PCRE2 default-hierarchy=hybrid)
[   12.269504] systemd[1]: Detected virtualization oracle.
[   12.270874] systemd[1]: Detected architecture x86-64.

Welcome to [1mUbuntu 18.04.4 LTS[0m!

[   12.318180] systemd[1]: Set hostname to <ubuntu>.
[   12.474384] systemd[1]: Initializing machine ID from random generator.
[   12.658439] systemd[1]: Installed transient /etc/machine-id file.
[   14.318077] random: crng init done
[   14.319041] random: 7 urandom warning(s) missed due to ratelimiting
[   14.909630] systemd[1]: Created slice User and Session Slice.
[[0;32m  OK  [0m] Created slice User and Session Slice.
[   14.917617] systemd[1]: Started Forward Password Requests to Wall Directory Watch.
[[0;32m  OK  [0m] Started Forward Password Requests to Wall Directory Watch.
[   14.928330] systemd[1]: Reached target User and Group Name Lookups.
[[0;32m  OK  [0m] Reached target User and Group Name Lookups.
[   14.931625] systemd[1]: Reached target Swap.
[[0;32m  OK  [0m] Reached target Swap.
[[0;32m  OK  [0m] Created slice System Slice.
[[0;32m  OK  [0m] Created slice system-serial\x2dgetty.slice.
[[0;32m  OK  [0m] Listening on LVM2 poll daemon socket.
[[0;32m  OK  [0m] Listening on Network Service Netlink Socket.
[[0;32m  OK  [0m] Listening on LVM2 metadata daemon socket.
[[0;32m  OK  [0m] Listening on Syslog Socket.
[[0;32m  OK  [0m] Listening on udev Kernel Socket.
[[0;32m  OK  [0m] Listening on Journal Socket.
         Starting Create list of required st…ce nodes for the current kernel...
         Starting Set the console keyboard layout...
         Starting Remount Root and Kernel File Systems...
[[0;32m  OK  [0m] Listening on Journal Audit Socket.
[[0;32m  OK  [0m] Listening on /dev/initctl Compatibility Named Pipe.
         Mounting POSIX Message Queue File System...
[[0;32m  OK  [0m] Set up automount Arbitrary Executab…rmats File System Automount Point.
[[0;32m  OK  [0m] Listening on udev Control Socket.
         Starting udev Coldplug all Devices...
         Mounting Kernel Debug File System...
         Starting Load Kernel Modules...
[[0;32m  OK  [0m] Listening on Journal Socket (/dev/log).
[   15.182355] EXT4-fs (sda1): re-mounted. Opts: (null)
         Starting Journal Service...
         Starting Uncomplicated firewall...
[[0;32m  OK  [0m] Listening on Device-mapper event daemon FIFOs.
         Starting Monitoring of LVM2 mirrors…ng dmeventd or progress polling...
         Mounting Huge Pages File System...
[[0;32m  OK  [0m] Reached target System Time Synchronized.
[[0;32m  OK  [0m] Reached target Slices.
[[0;32m  OK  [0m] Started Create list of required sta…vice nodes for the current kernel.
[[0;32m  OK  [0m] Started Remount Root and Kernel File Systems.
[[0;32m  OK  [0m] Mounted POSIX Message Queue File System.
[[0;32m  OK  [0m] Mounted Kernel Debug File Sy[   15.296994] Loading iSCSI transport class v2.0-870.
stem.
[[0;32m  OK  [0m] Started Uncomplicated firewall.
[[0;32m  OK  [0m] Mounted Huge Pages File System.
[[0;32m  OK  [0m] Started udev Coldplug all Devices.
[   15.449171] iscsi: registered transport (tcp)
         Starting Load/Save Random Seed...
         Starting Create Static Device Nodes in /dev...
[[0;32m  OK  [0m] Started Journal Service.
         Starting Flush Journal to Persistent Storage...
[[0;32m  OK  [0m] Started Load/Save Random Seed.
[   15.706063] systemd-journald[399]: Received request to flush runtime journal from PID 1
[[0;32m  OK  [0m] Started Create Static Device Nodes in /dev.
         Starting udev Kernel Device Manager...
[   15.871913] iscsi: registered transport (iser)
[[0;32m  OK  [0m] Started Load Kernel Modules.
         Mounting FUSE Control File System...
         Starting Apply Kernel Variables...
         Mounting Kernel Configuration File System...
[[0;32m  OK  [0m] Mounted FUSE Control File System.
[[0;32m  OK  [0m] Mounted Kernel Configuration File System.
[[0;32m  OK  [0m] Started LVM2 metadata daemon.
[[0;32m  OK  [0m] Started Flush Journal to Persistent Storage.
[[0;32m  OK  [0m] Started udev Kernel Device Manager.
[[0;32m  OK  [0m] Started Apply Kernel Variables.
[[0;32m  OK  [0m] Started Monitoring of LVM2 mirrors,…sing dmeventd or progress polling.
[[0;32m  OK  [0m] Found device /dev/ttyS0.
[[0;32m  OK  [0m] Listening on Load/Save RF Kill Switch Status /dev/rfkill Watch.
[[0;32m  OK  [0m] Started Set the console keyboard layout.
[[0;32m  OK  [0m] Started Dispatch Password Requests to Console Directory Watch.
[[0;32m  OK  [0m] Reached target Local Encrypted Volumes.
[[0;32m  OK  [0m] Reached target Local File Systems (Pre).
[[0;32m  OK  [0m] Reached target Local File Systems.
         Starting Commit a transient machine-id on disk...
         Starting ebtables ruleset management...
         Starting Tell Plymouth To Write Out Runtime Data...
         Starting AppArmor initialization...
         Starting Create Volatile Files and Directories...
         Starting Set console font and keymap...
[[0;32m  OK  [0m] Started Tell Plymouth To Write Out Runtime Data.
[[0;32m  OK  [0m] Started Set console font and keymap.
[[0;32m  OK  [0m] Started Commit a transient machine-id on disk.
[[0;32m  OK  [0m] Started Create Volatile Files and Directories.
         Starting Update UTMP about System Boot/Shutdown...
[[0;32m  OK  [0m] Started Update UTMP about System Boot/Shutdown.
[[0;32m  OK  [0m] Started ebtables ruleset management.
[[0;32m  OK  [0m] Started AppArmor initialization.
         Starting Initial cloud-init job (pre-networking)...
[   25.410232] cloud-init[696]: Cloud-init v. 19.4-33-gbb4131a2-0ubuntu1~18.04.1 running 'init-local' at Mon, 27 Apr 2020 00:47:15 +0000. Up 24.51 seconds.
[[0;32m  OK  [0m] Started Initial cloud-init job (pre-networking).
[[0;32m  OK  [0m] Reached target Network (Pre).
         Starting Network Service...
[[0;32m  OK  [0m] Started Network Service.
         Starting Network Name Resolution...
         Starting Wait for Network to be Configured...
[[0;32m  OK  [0m] Started Network Name Resolution.
[[0;32m  OK  [0m] Reached target Network.
[[0;32m  OK  [0m] Reached target Host and Network Name Lookups.
[[0;32m  OK  [0m] Started Wait for Network to be Configured.
         Starting Initial cloud-init job (metadata service crawler)...
[   28.588975] cloud-init[823]: Cloud-init v. 19.4-33-gbb4131a2-0ubuntu1~18.04.1 running 'init' at Mon, 27 Apr 2020 00:47:19 +0000. Up 28.29 seconds.
[   28.635291] cloud-init[823]: ci-info: ++++++++++++++++++++++++++++++++++++++Net device info+++++++++++++++++++++++++++++++++++++++
[   28.666650] cloud-init[823]: ci-info: +--------+-------+----------------------------+---------------+--------+-------------------+
[   28.728404] cloud-init[823]: ci-info: | Device |   Up  |          Address           |      Mask     | Scope  |     Hw-Address    |
[   28.772470] cloud-init[823]: ci-info: +--------+-------+----------------------------+---------------+--------+-------------------+
[   28.777923] cloud-init[823]: ci-info: | enp0s3 |  True |         10.0.2.15          | 255.255.255.0 | global | 02:cf:14:98:e9:22 |
[   28.794832] cloud-init[823]: ci-info: | enp0s3 |  True | fe80::cf:14ff:fe98:e922/64 |       .       |  link  | 02:cf:14:98:e9:22 |
[   28.800226] cloud-init[823]: ci-info: | enp0s8 | False |             .              |       .       |   .    | 08:00:27:a7:e6:38 |
[   28.802706] cloud-init[823]: ci-info: |   lo   |  True |         127.0.0.1          |   255.0.0.0   |  host  |         .         |
[   28.805147] cloud-init[823]: ci-info: |   lo   |  True |          ::1/128           |       .       |  host  |         .         |
[   28.823943] cloud-init[823]: ci-info: +--------+-------+----------------------------+---------------+--------+-------------------+
[   28.835304] cloud-init[823]: ci-info: ++++++++++++++++++++++++++++Route IPv4 info+++++++++++++++++++++++++++++
[   28.864153] cloud-init[823]: ci-info: +-------+-------------+----------+-----------------+-----------+-------+
[   28.904507] cloud-init[823]: ci-info: | Route | Destination | Gateway  |     Genmask     | Interface | Flags |
[   28.941000] cloud-init[823]: ci-info: +-------+-------------+----------+-----------------+-----------+-------+
[   28.954675] cloud-init[823]: ci-info: |   0   |   0.0.0.0   | 10.0.2.2 |     0.0.0.0     |   enp0s3  |   UG  |
[   28.958104] cloud-init[823]: ci-info: |   1   |   10.0.2.0  | 0.0.0.0  |  255.255.255.0  |   enp0s3  |   U   |
[   28.984384] cloud-init[823]: ci-info: |   2   |   10.0.2.2  | 0.0.0.0  | 255.255.255.255 |   enp0s3  |   UH  |
[   29.034443] cloud-init[823]: ci-info: +-------+-------------+----------+-----------------+-----------+-------+
[   29.063376] cloud-init[823]: ci-info: +++++++++++++++++++Route IPv6 info+++++++++++++++++++
[   29.065378] cloud-init[823]: ci-info: +-------+-------------+---------+-----------+-------+
[   29.081137] cloud-init[823]: ci-info: | Route | Destination | Gateway | Interface | Flags |
[   29.096286] cloud-init[823]: ci-info: +-------+-------------+---------+-----------+-------+
[   29.112158] cloud-init[823]: ci-info: |   1   |  fe80::/64  |    ::   |   enp0s3  |   U   |
[   29.113549] cloud-init[823]: ci-info: |   3   |    local    |    ::   |   enp0s3  |   U   |
[   29.116207] cloud-init[823]: ci-info: |   4   |   ff00::/8  |    ::   |   enp0s3  |   U   |
[   29.126779] cloud-init[823]: ci-info: +-------+-------------+---------+-----------+-------+
[   31.259837] cloud-init[823]: Generating public/private rsa key pair.
[   31.302034] cloud-init[823]: Your identification has been saved in /etc/ssh/ssh_host_rsa_key.
[[0;32m  OK  [0m] Started Initial cloud-init job (metadata service crawler).
[   31.392673] cloud-init[[0;32m  OK  [0m] Reached target System Initialization.
[823]: Your public key has been saved in /etc/ssh/ssh_host_rsa_key.pub.
[   31.433122] cloud-init[823]: The key fingerprint is:
         Starting Socket activation for snappy daemon.
[   31.435467] cloud-init[823]: SHA256:Q0FloSuOaHEDFKMxUXlJjJmeuY/o1KrhJPMhBk3Mbt8 root@ubuntu-bionic
[[0;32m  OK  [0m] Started Daily apt download activities.
[   31.558603] [cloud-init[0;32m  OK  [0m[823]: ] The key's randomart image is:Started Daily apt upgrade and clean activities.

[[0;32m  OK  [0m] Listening on Open-iSCSI iscsid Socket.
[   31.699807] cloud-init[823]: +---[RSA 2048]----+
[[0;32m  OK  [0m] Started Message of the Day.
[[0;32m  OK  [0m] Listening on UUID daemon activation socket.
[   31.763802] cloud-init[823]: |+o=O.. .o.+.     |
[[0;32m  OK  [0m] Listening on ACPID Listen Socket.
[   31.896696] cloud-init[823]: | B=.+    +       |
[[0;32m  OK  [0m] Listening on D-Bus System Message Bus Socket.
[   31.990235] cloud-init[823]: |..=+    o        |
         [   32.053162] cloud-init[823]: | ++.   . .       |
[   32.053372] cloud-init[823]: |. =.o . S        |
[   32.053839] cloud-init[823]: |..o= = . .       |
Starting LXD - unix socket.
[[   32.053983] cloud-init[823]: |==++o E          |
[0;32m  OK  [0m] Started Daily Cleanup of Temporary Directories.
[   32.108679] cloud-init[823]: |B*o..            |
[   32.226187] cloud-init[823]: |++.              |
[[0;32m  OK  [0m] Started Discard unused blocks once a week.
[   32.300450] cloud-init[823]: +----[SHA256]-----+
[   32.392438] cloud-init[823]: Generating public/private dsa key pair.
[[0;32m  OK  [0m[   32.429909] ] cloud-initReached target Timers.[823]: 
Your identification has been saved in /etc/ssh/ssh_host_dsa_key.
[[0;32m  OK  [0m[   32.528499] ] cloud-initStarted ACPI Events Check.[823]: 
Your public key has been saved in /etc/ssh/ssh_host_dsa_key.pub.
[[0;32m  OK  [0m[   32.547132] cloud-init[823]: The key fingerprint is:
[   32.547710] cloud-init[823]: SHA256:ztYNjFWf87gqt/Iah0UuIVA3sTt2+69owgKLtICykm0 root@ubuntu-bionic
] Reached target Paths.
[   32.548206] cloud-init[823]: The key's randomart image is:
[   32.624413] cloud-init[823]: +---[DSA 1024]----+
[[0;32m  OK  [0m] Reached target Network is Online.
[   32.643708] cloud-init[823]: |      ... +..    |
         Starting Availability of block devices...
[[0;32m  OK  [0m] Reached target Remote File Systems (Pre).
[[0;32m  OK  [0m] Reached target Remote File Systems.
[[0;32m  OK  [0m] Reached target Cloud-config availability.
[[0;32m  OK  [0m] Listening on Socket activation for snappy daemon.
[[0;32m  OK  [0m] Listening on LXD - unix socket.
[[0;32m  OK  [0m] Reached target Sockets.
[[0;32m  OK  [0m] Reached target Basic System.
         Starting LSB: Record successful boot for GRUB...
         Starting System Logging Service...
[[0;32m  OK  [0m] Started D-Bus System Message Bus.
[[0;32m  OK  [0m] Started irqbalance daemon.
[   32.992921] cloud-init[823]: |       . . + . . |
         Starting Pollinate to seed the pseudo random number generator...
[   33.063364] cloud-init[823]: |        . + . +  |
         Starting Permit User Sessions...
[   33.172497] cloud-init[823]: |         = =   + |         
Starting Snappy daemon...
[   33.172852] cloud-init[823]: | .      S B + . .|
         Starting LXD - container startup/shutdown...
[   33.294555] cloud-init[823]: |o . . .o o O . . |
[   33.296826] cloud-init[823]: |.+ o o o+.+ + .  |
         Starting Virtualbox guest utils...
[   33.303395] cloud-init[823]: |+ E o ... =oo+   |
[   33.306239] cloud-init[823]: |..       ..O=.oo.|
         Starting Login Service...
[   33.325733] cloud-init[823]: +----[SHA256]-----+
[[0;32m  OK  [0m] Started Deferred execution scheduler.
[   33.409446] cloud-init[823]: Generating public/private ecdsa key pair.
         [   33.463250] Starting LSB: automatic crash report generation...cloud-init
[823]: Your identification has been saved in /etc/ssh/ssh_host_ecdsa_key.
[   33.501541] cloud-init[823]: Your public key has been saved in /etc/ssh/ssh_host_ecdsa_key.pub.
[   33.505372] cloud-init[823]: The key fingerprint is:
[   33.507609] cloud-init[823]: SHA256:JDHP9vqy5CXscfJURlb3nc0hdGeAcTgk34CkZ2ykvnc root@ubuntu-bionic
[   33.512542] cloud-init[823]: The key's randomart image is:
[   33.514783] cloud-init[823]: +---[ECDSA 256]---+
[   33.518044] cloud-init[823]: |      o  .+o=*+++|
[   33.541289] cloud-init[823]: |       = =.o+=o+B|
[   33.544943] cloud-init[823]: |      . B = +...=|
[   33.549039] cloud-init[823]: |       = = o     |
[   33.550588] cloud-init[823]: |        S . o    |
[   33.560313] cloud-init[823]: |       . o o     |
[   33.600428] cloud-init[823]: |        O = E    |
[   33.668579] cloud-init[823]: |       +.@ .     |
[   33.700851] cloud-init[823]: |        +oo      |
[   33.701623] cloud-init[823]: +----[SHA256]-----+
[   33.735607] cloud-init[823]: Generating public/private ed25519 key pair.
[   33.812430] cloud-init[823]: Your identification has been saved in /etc/ssh/ssh_host_ed25519_key.
[   33.813932] cloud-init[823]: Your public key has been saved in /etc/ssh/ssh_host_ed25519_key.pub.
[   33.815664] cloud-init[823]: The key fingerprint is:
[   33.817859] cloud-init[823]: SHA256:mfzooiQsvqyxw3jr8HjjBhH9SbGO3Bs3UAObPtkFG7w root@ubuntu-bionic
[   33.849216] cloud-init[823]: The key's randomart image is:
[   33.895348] cloud-init[823]: +--[ED25519 256]--+
[   33.944422] cloud-init[823]: | .  o+=          |
[   33.976327] cloud-init[823]: |. . .=.=         |
[   34.023345] cloud-init[823]: | . o=....        |
[   34.054729] cloud-init[823]: |.. =o+Eo o       |
[   34.084340] cloud-init[823]: | .o B + S        |
[   34.122267] cloud-init[823]: |..   = . o       |
[[0;32m  OK  [0m] Started Regular background program processing daemon.
[   34.171283] cloud-init[823]: |*.o o   . .      |
[   34.199009] cloud-init[823]: |=O=o  ..         |
[   34.208482] cloud-init[823]: |=@*o.. ..        |
[   34.221519] cloud-init         Starting Dispatcher daemon for systemd-networkd...
[823]: +----[SHA256]-----+
         Starting Accounts Service...
[[0;32m  OK  [0m] Started FUSE filesystem for LXC.
[[0;32m  OK  [0m] Started System Logging Service.
[[0;32m  OK  [0m] Started Availability of block devices.
[[0;32m  OK  [0m] Started Permit User Sessions.
         Starting Hold until boot process finishes up...
         Starting Terminate Plymouth Boot Screen...
[[0;32m  OK  [0m] Started Hold until boot process finishes up.
[[0;32m  OK  [0m] Started Terminate Plymouth Boot Screen.
[[0;32m  OK  [0m] Started Login Service.
[[0;32m  OK  [0m] Started Unattended Upgrades Shutdown.
         Starting Set console scheme...
[[0;32m  OK  [0m] Started Serial Getty on ttyS0.
[[0;32m  OK  [0m] Started Set console scheme.
[[0;32m  OK  [0m] Created slice system-getty.slice.
[[0;32m  OK  [0m] Started Getty on tty1.
[[0;32m  OK  [0m] Reached target Login Prompts.
[[0;32m  OK  [0m] Started LSB: automatic crash report generation.
[[0;32m  OK  [0m] Started LSB: Record successful boot for GRUB.
         Starting Authorization Manager...
[[0;32m  OK  [0m] Started Virtualbox guest utils.
[[0;32m  OK  [0m] Started Authorization Manager.
[[0;32m  OK  [0m] Started Accounts Service.
[[0;32m  OK  [0m] Started Dispatcher daemon for systemd-networkd.
[[0;32m  OK  [0m] Started LXD - container startup/shutdown.
[[0;32m  OK  [0m] Started Snappy daemon.
         Starting Wait until snapd is fully seeded...
[[0;32m  OK  [0m] Started Pollinate to seed the pseudo random number generator.
         Starting OpenBSD Secure Shell server...
[[0;32m  OK  [0m] Started OpenBSD Secure Shell server.

Ubuntu 18.04.4 LTS ubuntu-bionic ttyS0

ubuntu-bionic login: [   46.788876] cloud-init[1477]: Cloud-init v. 19.4-33-gbb4131a2-0ubuntu1~18.04.1 running 'modules:config' at Mon, 27 Apr 2020 00:47:33 +0000. Up 42.85 seconds.
ci-info: no authorized SSH keys fingerprints found for user ubuntu.
<14>Apr 27 00:47:38 ec2: 
<14>Apr 27 00:47:38 ec2: #############################################################
<14>Apr 27 00:47:38 ec2: -----BEGIN SSH HOST KEY FINGERPRINTS-----
<14>Apr 27 00:47:38 ec2: 1024 SHA256:ztYNjFWf87gqt/Iah0UuIVA3sTt2+69owgKLtICykm0 root@ubuntu-bionic (DSA)
<14>Apr 27 00:47:38 ec2: 256 SHA256:JDHP9vqy5CXscfJURlb3nc0hdGeAcTgk34CkZ2ykvnc root@ubuntu-bionic (ECDSA)
<14>Apr 27 00:47:38 ec2: 256 SHA256:mfzooiQsvqyxw3jr8HjjBhH9SbGO3Bs3UAObPtkFG7w root@ubuntu-bionic (ED25519)
<14>Apr 27 00:47:38 ec2: 2048 SHA256:Q0FloSuOaHEDFKMxUXlJjJmeuY/o1KrhJPMhBk3Mbt8 root@ubuntu-bionic (RSA)
<14>Apr 27 00:47:38 ec2: -----END SSH HOST KEY FINGERPRINTS-----
<14>Apr 27 00:47:38 ec2: #############################################################
-----BEGIN SSH HOST KEY KEYS-----
ecdsa-sha2-nistp256 AAAAE2VjZHNhLXNoYTItbmlzdHAyNTYAAAAIbmlzdHAyNTYAAABBBNrRUVQlLDJxM1A6TIAxzozEBuJiIn2i2SrfB9/H9utzc3Cl19odQ5I1RDmDeW9x0Z78YTj72uUvrofOMBwensk= root@ubuntu-bionic
ssh-ed25519 AAAAC3NzaC1lZDI1NTE5AAAAIOG3B2Vr+q6Vp+8kFAxxlDuiFa8CzfAEFh9OgCTe/FUa root@ubuntu-bionic
ssh-rsa AAAAB3NzaC1yc2EAAAADAQABAAABAQCbYj9lGKllf0aQsfDaDW6yXVSmSDvm4RseFo7p79W47hgvSfBX6SQl3cuYlcGABevTo4gWU9CunPjB9EgG8b4gDmbiR5/bAdeVqWpHtOViY7UHXBXAA5PuUjge71/dMZlvB4fXDvLdKpLhQ5EHXIh8oTymjysUAq1ZE4+VTnYwqjMexJ7tqOrOZJAtWKhzxLkNILFbQNM1gjBQTqssU8iO31EUOOUFguDtddpzHHvCXdbEXAwjWYRUegRrYl7GewMEo4KfIXB+BNUsj0mQkZYnI/X7mqMBRu/NzLenAg8Ptuy50DrLcC7f+kb+azbIomG5BV51uUFkj8GdqWsxS3VP root@ubuntu-bionic
-----END SSH HOST KEY KEYS-----
[   47.833995] cloud-init[1677]: Cloud-init v. 19.4-33-gbb4131a2-0ubuntu1~18.04.1 running 'modules:final' at Mon, 27 Apr 2020 00:47:38 +0000. Up 47.56 seconds.
[   47.834159] cloud-init[1677]: ci-info: no authorized SSH keys fingerprints found for user ubuntu.
[   47.834239] cloud-init[1677]: Cloud-init v. 19.4-33-gbb4131a2-0ubuntu1~18.04.1 finished at Mon, 27 Apr 2020 00:47:38 +0000. Datasource DataSourceNoCloud [seed=/dev/sdb][dsmode=net].  Up 47.81 seconds
